<?xml version="1.0" encoding="UTF-8"?>
<!-- Generated by org.testng.reporters.JUnitReportReporter -->
<testsuite hostname="LAPTOP-SS4VTGCI" failures="0" tests="1" name="Academy.validateTitle" time="0.036" errors="0" timestamp="22 Feb 2020 11:39:52 GMT" skipped="0">
  <testcase classname="Academy.validateTitle" name="basePageNavigation" time="0.036"/>
</testsuite> <!-- Academy.validateTitle -->
