<?xml version="1.0" encoding="UTF-8"?>
<!-- Generated by org.testng.reporters.JUnitReportReporter -->
<testsuite hostname="LAPTOP-SS4VTGCI" failures="0" tests="1" name="Academy.validateNavigationBar" time="0.137" errors="0" timestamp="22 Feb 2020 11:38:48 GMT" skipped="0">
  <testcase classname="Academy.validateNavigationBar" name="basePageNavigation" time="0.137"/>
</testsuite> <!-- Academy.validateNavigationBar -->
