<?xml version="1.0" encoding="UTF-8"?>
<!-- Generated by org.testng.reporters.JUnitReportReporter -->
<testsuite hostname="LAPTOP-SS4VTGCI" failures="0" tests="2" name="Academy.HomePage" time="15.221" errors="0" timestamp="22 Feb 2020 11:38:48 GMT" skipped="0">
  <testcase classname="Academy.HomePage" name="basePageNavigation" time="10.881"/>
  <testcase classname="Academy.HomePage" name="basePageNavigation" time="4.340"/>
</testsuite> <!-- Academy.HomePage -->
